<?xml version="1.0" encoding="UTF-8"?>
<!-- Generated by org.testng.reporters.JUnitXMLReporter -->
<testsuite hostname="lapdell-0021" failures="0" tests="2" name="Surefire test" time="0.036" errors="0" timestamp="21 May 2021 17:37:02 GMT">
  <testcase classname="Tests.TestLogin" name="@BeforeMethod beforeMethod" time="0.0">
    <failure type="java.lang.NullPointerException" message="Cannot invoke &amp;quot;org.openqa.selenium.WebDriver.get(String)&amp;quot; because &amp;quot;drivers.Hooks.driver&amp;quot; is null">
      <![CDATA[java.lang.NullPointerException: Cannot invoke "org.openqa.selenium.WebDriver.get(String)" because "drivers.Hooks.driver" is null
	at drivers.Hooks.initRemoteWebDriver(Hooks.java:23)
	at Tests.TestLogin.beforeMethod(TestLogin.java:24)
... Removed 31 stack frames]]>
    </failure>
  </testcase> <!-- @BeforeMethod beforeMethod -->
  <testcase classname="Tests.TestLogin" name="@AfterMethod afterMethod" time="0.0">
    <skipped/>
  </testcase> <!-- @AfterMethod afterMethod -->
  <testcase classname="Tests.TestHomePage" name="f" time="0.007"/>
  <testcase classname="Tests.TestLogin" name="loginSuccessfully" time="0.0">
    <skipped/>
  </testcase> <!-- loginSuccessfully -->
</testsuite> <!-- Surefire test -->
