<?xml version="1.0" encoding="UTF-8"?>
<testng-results total="2" passed="2" failed="0" skipped="0">
  <reporter-output>
  </reporter-output>
  <suite started-at="2021-05-26T15:26:59Z" name="Surefire suite" finished-at="2021-05-26T15:27:12Z" duration-ms="12888">
    <groups>
    </groups>
    <test started-at="2021-05-26T15:26:59Z" name="Surefire test" finished-at="2021-05-26T15:27:12Z" duration-ms="12888">
      <class name="Tests.TestLogin">
        <test-method is-config="true" signature="beforeMethod(java.lang.String)[pri:0, instance:Tests.TestLogin@1fc2b765]" started-at="2021-05-26T22:26:59Z" name="beforeMethod" finished-at="2021-05-26T22:27:02Z" duration-ms="3500" status="PASS">
          <params>
            <param index="0">
              <value>
                <![CDATA[chrome]]>
              </value>
            </param>
          </params>
          <reporter-output>
          </reporter-output>
        </test-method> <!-- beforeMethod -->
        <test-method signature="loginSuccessfully(java.lang.String, java.lang.String, java.lang.String)[pri:0, instance:Tests.TestLogin@1fc2b765]" started-at="2021-05-26T22:27:02Z" name="loginSuccessfully" data-provider="Valid cridentails" finished-at="2021-05-26T22:27:04Z" duration-ms="1963" status="PASS">
          <params>
            <param index="0">
              <value>
                <![CDATA[quanho]]>
              </value>
            </param>
            <param index="1">
              <value>
                <![CDATA[Abcd1234]]>
              </value>
            </param>
            <param index="2">
              <value>
                <![CDATA[Hi quan ho,]]>
              </value>
            </param>
          </params>
          <reporter-output>
          </reporter-output>
        </test-method> <!-- loginSuccessfully -->
        <test-method is-config="true" signature="afterMethod()[pri:0, instance:Tests.TestLogin@1fc2b765]" started-at="2021-05-26T22:27:04Z" name="afterMethod" finished-at="2021-05-26T22:27:04Z" duration-ms="61" status="PASS">
          <reporter-output>
          </reporter-output>
        </test-method> <!-- afterMethod -->
        <test-method is-config="true" signature="beforeMethod(java.lang.String)[pri:0, instance:Tests.TestLogin@1fc2b765]" started-at="2021-05-26T22:27:04Z" name="beforeMethod" finished-at="2021-05-26T22:27:10Z" duration-ms="5279" status="PASS">
          <params>
            <param index="0">
              <value>
                <![CDATA[chrome]]>
              </value>
            </param>
          </params>
          <reporter-output>
          </reporter-output>
        </test-method> <!-- beforeMethod -->
        <test-method signature="loginSuccessfully(java.lang.String, java.lang.String, java.lang.String)[pri:0, instance:Tests.TestLogin@1fc2b765]" started-at="2021-05-26T22:27:10Z" name="loginSuccessfully" data-provider="Valid cridentails" finished-at="2021-05-26T22:27:12Z" duration-ms="2000" status="PASS">
          <params>
            <param index="0">
              <value>
                <![CDATA[thongnguyen]]>
              </value>
            </param>
            <param index="1">
              <value>
                <![CDATA[Abcd1234]]>
              </value>
            </param>
            <param index="2">
              <value>
                <![CDATA[Hi thong nguyen,]]>
              </value>
            </param>
          </params>
          <reporter-output>
          </reporter-output>
        </test-method> <!-- loginSuccessfully -->
        <test-method is-config="true" signature="afterMethod()[pri:0, instance:Tests.TestLogin@1fc2b765]" started-at="2021-05-26T22:27:12Z" name="afterMethod" finished-at="2021-05-26T22:27:12Z" duration-ms="67" status="PASS">
          <reporter-output>
          </reporter-output>
        </test-method> <!-- afterMethod -->
      </class> <!-- Tests.TestLogin -->
    </test> <!-- Surefire test -->
  </suite> <!-- Surefire suite -->
</testng-results>
